This file contains any messages produced by compilers while
running configure, to aid debugging if configure makes a mistake.

It was created by testt2 configure 1.0, which was
generated by GNU Autoconf 2.69.  Invocation command line was

  $ /home/wzh/workspace/testt2/configure 

## --------- ##
## Platform. ##
## --------- ##

hostname = wzh-ubuntu2
uname -m = x86_64
uname -r = 3.16.0-34-generic
uname -s = Linux
uname -v = #47-Ubuntu SMP Fri Apr 10 18:02:58 UTC 2015

/usr/bin/uname -p = unknown
/bin/uname -X     = unknown

/bin/arch              = unknown
/usr/bin/arch -k       = unknown
/usr/convex/getsysinfo = unknown
/usr/bin/hostinfo      = unknown
/bin/machine           = unknown
/usr/bin/oslevel       = unknown
/bin/universe          = unknown

PATH: /usr/local/sbin
PATH: /usr/local/bin
PATH: /usr/sbin
PATH: /usr/bin
PATH: /sbin
PATH: /bin


## ----------- ##
## Core tests. ##
## ----------- ##

configure:1836: checking build system type
configure:1850: result: x86_64-unknown-linux-gnu
configure:1870: checking host system type
configure:1883: result: x86_64-unknown-linux-gnu
configure:1903: checking target system type
configure:1916: result: x86_64-unknown-linux-gnu
configure:1959: checking for a BSD-compatible install
configure:2027: result: /usr/bin/install -c
configure:2038: checking whether build environment is sane
configure:2093: result: yes
configure:2244: checking for a thread-safe mkdir -p
configure:2283: result: /bin/mkdir -p
configure:2290: checking for gawk
configure:2306: found /usr/bin/gawk
configure:2317: result: gawk
configure:2328: checking whether make sets $(MAKE)
configure:2350: result: yes
configure:2379: checking whether make supports nested variables
configure:2396: result: yes
configure:2581: checking for g++
configure:2597: found /usr/bin/g++
configure:2608: result: g++
configure:2635: checking for C++ compiler version
configure:2644: g++ --version >&5
g++ (Ubuntu 4.9.1-16ubuntu6) 4.9.1
Copyright (C) 2014 Free Software Foundation, Inc.
This is free software; see the source for copying conditions.  There is NO
warranty; not even for MERCHANTABILITY or FITNESS FOR A PARTICULAR PURPOSE.

configure:2655: $? = 0
configure:2644: g++ -v >&5
Using built-in specs.
COLLECT_GCC=g++
COLLECT_LTO_WRAPPER=/usr/lib/gcc/x86_64-linux-gnu/4.9/lto-wrapper
Target: x86_64-linux-gnu
Configured with: ../src/configure -v --with-pkgversion='Ubuntu 4.9.1-16ubuntu6' --with-bugurl=file:///usr/share/doc/gcc-4.9/README.Bugs --enable-languages=c,c++,java,go,d,fortran,objc,obj-c++ --prefix=/usr --program-suffix=-4.9 --enable-shared --enable-linker-build-id --libexecdir=/usr/lib --without-included-gettext --enable-threads=posix --with-gxx-include-dir=/usr/include/c++/4.9 --libdir=/usr/lib --enable-nls --with-sysroot=/ --enable-clocale=gnu --enable-libstdcxx-debug --enable-libstdcxx-time=yes --enable-gnu-unique-object --disable-vtable-verify --enable-plugin --with-system-zlib --disable-browser-plugin --enable-java-awt=gtk --enable-gtk-cairo --with-java-home=/usr/lib/jvm/java-1.5.0-gcj-4.9-amd64/jre --enable-java-home --with-jvm-root-dir=/usr/lib/jvm/java-1.5.0-gcj-4.9-amd64 --with-jvm-jar-dir=/usr/lib/jvm-exports/java-1.5.0-gcj-4.9-amd64 --with-arch-directory=amd64 --with-ecj-jar=/usr/share/java/eclipse-ecj.jar --enable-objc-gc --enable-multiarch --disable-werror --with-arch-32=i686 --with-abi=m64 --with-multilib-list=m32,m64,mx32 --enable-multilib --with-tune=generic --enable-checking=release --build=x86_64-linux-gnu --host=x86_64-linux-gnu --target=x86_64-linux-gnu
Thread model: posix
gcc version 4.9.1 (Ubuntu 4.9.1-16ubuntu6) 
configure:2655: $? = 0
configure:2644: g++ -V >&5
g++: error: unrecognized command line option '-V'
g++: fatal error: no input files
compilation terminated.
configure:2655: $? = 4
configure:2644: g++ -qversion >&5
g++: error: unrecognized command line option '-qversion'
g++: fatal error: no input files
compilation terminated.
configure:2655: $? = 4
configure:2675: checking whether the C++ compiler works
configure:2697: g++    conftest.cpp  >&5
configure:2701: $? = 0
configure:2749: result: yes
configure:2752: checking for C++ compiler default output file name
configure:2754: result: a.out
configure:2760: checking for suffix of executables
configure:2767: g++ -o conftest    conftest.cpp  >&5
configure:2771: $? = 0
configure:2793: result: 
configure:2815: checking whether we are cross compiling
configure:2823: g++ -o conftest    conftest.cpp  >&5
configure:2827: $? = 0
configure:2834: ./conftest
configure:2838: $? = 0
configure:2853: result: no
configure:2858: checking for suffix of object files
configure:2880: g++ -c   conftest.cpp >&5
configure:2884: $? = 0
configure:2905: result: o
configure:2909: checking whether we are using the GNU C++ compiler
configure:2928: g++ -c   conftest.cpp >&5
configure:2928: $? = 0
configure:2937: result: yes
configure:2946: checking whether g++ accepts -g
configure:2966: g++ -c -g  conftest.cpp >&5
configure:2966: $? = 0
configure:3007: result: yes
configure:3041: checking for style of include used by make
configure:3069: result: GNU
configure:3095: checking dependency style of g++
configure:3206: result: gcc3
configure:3369: checking that generated files are newer than configure
configure:3375: result: done
configure:3398: creating ./config.status

## ---------------------- ##
## Running config.status. ##
## ---------------------- ##

This file was extended by testt2 config.status 1.0, which was
generated by GNU Autoconf 2.69.  Invocation command line was

  CONFIG_FILES    = 
  CONFIG_HEADERS  = 
  CONFIG_LINKS    = 
  CONFIG_COMMANDS = 
  $ ./config.status 

on wzh-ubuntu2

config.status:785: creating Makefile
config.status:785: creating src/Makefile
config.status:957: executing depfiles commands

## ---------------- ##
## Cache variables. ##
## ---------------- ##

ac_cv_build=x86_64-unknown-linux-gnu
ac_cv_cxx_compiler_gnu=yes
ac_cv_env_CCC_set=
ac_cv_env_CCC_value=
ac_cv_env_CPPFLAGS_set=
ac_cv_env_CPPFLAGS_value=
ac_cv_env_CXXFLAGS_set=
ac_cv_env_CXXFLAGS_value=
ac_cv_env_CXX_set=
ac_cv_env_CXX_value=
ac_cv_env_LDFLAGS_set=
ac_cv_env_LDFLAGS_value=
ac_cv_env_LIBS_set=
ac_cv_env_LIBS_value=
ac_cv_env_build_alias_set=
ac_cv_env_build_alias_value=
ac_cv_env_host_alias_set=
ac_cv_env_host_alias_value=
ac_cv_env_target_alias_set=
ac_cv_env_target_alias_value=
ac_cv_host=x86_64-unknown-linux-gnu
ac_cv_objext=o
ac_cv_path_install='/usr/bin/install -c'
ac_cv_path_mkdir=/bin/mkdir
ac_cv_prog_AWK=gawk
ac_cv_prog_ac_ct_CXX=g++
ac_cv_prog_cxx_g=yes
ac_cv_prog_make_make_set=yes
ac_cv_target=x86_64-unknown-linux-gnu
am_cv_CXX_dependencies_compiler_type=gcc3
am_cv_make_support_nested_variables=yes

## ----------------- ##
## Output variables. ##
## ----------------- ##

ACLOCAL='${SHELL} /home/wzh/workspace/testt2/missing aclocal-1.14'
AMDEPBACKSLASH='\'
AMDEP_FALSE='#'
AMDEP_TRUE=''
AMTAR='$${TAR-tar}'
AM_BACKSLASH='\'
AM_DEFAULT_V='$(AM_DEFAULT_VERBOSITY)'
AM_DEFAULT_VERBOSITY='1'
AM_V='$(V)'
AUTOCONF='${SHELL} /home/wzh/workspace/testt2/missing autoconf'
AUTOHEADER='${SHELL} /home/wzh/workspace/testt2/missing autoheader'
AUTOMAKE='${SHELL} /home/wzh/workspace/testt2/missing automake-1.14'
AWK='gawk'
CPPFLAGS=''
CXX='g++'
CXXDEPMODE='depmode=gcc3'
CXXFLAGS='-g -O2'
CYGPATH_W='echo'
DEFS='-DPACKAGE_NAME=\"testt2\" -DPACKAGE_TARNAME=\"testt2\" -DPACKAGE_VERSION=\"1.0\" -DPACKAGE_STRING=\"testt2\ 1.0\" -DPACKAGE_BUGREPORT=\"\" -DPACKAGE_URL=\"\" -DPACKAGE=\"testt2\" -DVERSION=\"1.0\"'
DEPDIR='.deps'
ECHO_C=''
ECHO_N='-n'
ECHO_T=''
EXEEXT=''
INSTALL_DATA='${INSTALL} -m 644'
INSTALL_PROGRAM='${INSTALL}'
INSTALL_SCRIPT='${INSTALL}'
INSTALL_STRIP_PROGRAM='$(install_sh) -c -s'
LDFLAGS=''
LIBOBJS=''
LIBS=''
LTLIBOBJS=''
MAKEINFO='${SHELL} /home/wzh/workspace/testt2/missing makeinfo'
MKDIR_P='/bin/mkdir -p'
OBJEXT='o'
PACKAGE='testt2'
PACKAGE_BUGREPORT=''
PACKAGE_NAME='testt2'
PACKAGE_STRING='testt2 1.0'
PACKAGE_TARNAME='testt2'
PACKAGE_URL=''
PACKAGE_VERSION='1.0'
PATH_SEPARATOR=':'
SET_MAKE=''
SHELL='/bin/bash'
STRIP=''
VERSION='1.0'
ac_ct_CXX='g++'
am__EXEEXT_FALSE=''
am__EXEEXT_TRUE='#'
am__fastdepCXX_FALSE='#'
am__fastdepCXX_TRUE=''
am__include='include'
am__isrc=''
am__leading_dot='.'
am__nodep='_no'
am__quote=''
am__tar='$${TAR-tar} chof - "$$tardir"'
am__untar='$${TAR-tar} xf -'
bindir='${exec_prefix}/bin'
build='x86_64-unknown-linux-gnu'
build_alias=''
build_cpu='x86_64'
build_os='linux-gnu'
build_vendor='unknown'
datadir='${datarootdir}'
datarootdir='${prefix}/share'
docdir='${datarootdir}/doc/${PACKAGE_TARNAME}'
dvidir='${docdir}'
exec_prefix='${prefix}'
host='x86_64-unknown-linux-gnu'
host_alias=''
host_cpu='x86_64'
host_os='linux-gnu'
host_vendor='unknown'
htmldir='${docdir}'
includedir='${prefix}/include'
infodir='${datarootdir}/info'
install_sh='${SHELL} /home/wzh/workspace/testt2/install-sh'
libdir='${exec_prefix}/lib'
libexecdir='${exec_prefix}/libexec'
localedir='${datarootdir}/locale'
localstatedir='${prefix}/var'
mandir='${datarootdir}/man'
mkdir_p='$(MKDIR_P)'
oldincludedir='/usr/include'
pdfdir='${docdir}'
prefix='/usr/local'
program_transform_name='s,x,x,'
psdir='${docdir}'
sbindir='${exec_prefix}/sbin'
sharedstatedir='${prefix}/com'
sysconfdir='${prefix}/etc'
target='x86_64-unknown-linux-gnu'
target_alias=''
target_cpu='x86_64'
target_os='linux-gnu'
target_vendor='unknown'

## ----------- ##
## confdefs.h. ##
## ----------- ##

/* confdefs.h */
#define PACKAGE_NAME "testt2"
#define PACKAGE_TARNAME "testt2"
#define PACKAGE_VERSION "1.0"
#define PACKAGE_STRING "testt2 1.0"
#define PACKAGE_BUGREPORT ""
#define PACKAGE_URL ""
#define PACKAGE "testt2"
#define VERSION "1.0"

configure: exit 0

## ---------------------- ##
## Running config.status. ##
## ---------------------- ##

This file was extended by testt2 config.status 1.0, which was
generated by GNU Autoconf 2.69.  Invocation command line was

  CONFIG_FILES    = 
  CONFIG_HEADERS  = 
  CONFIG_LINKS    = 
  CONFIG_COMMANDS = 
  $ ./config.status src/Makefile depfiles

on wzh-ubuntu2

config.status:785: creating src/Makefile
config.status:957: executing depfiles commands
